2019-12-03 12:59:13 INFO  - DAO initialized
2019-12-03 12:59:13 ERROR - MNN-971 was not found in the database
2019-12-03 12:59:13 INFO  - MNN-971 was added to the database
2019-12-03 12:59:13 INFO  - DAO initialized
2019-12-03 12:59:13 INFO  - DAO initialized
2019-12-03 12:59:13 INFO  - MNN-971 already added
2019-12-03 12:59:13 ERROR - MNN-971 is already in the list
2019-12-03 12:59:13 INFO  - DAO initialized
2019-12-03 12:59:13 ERROR - MMN-971 was not found in the database
2019-12-03 13:00:37 INFO  - DAO initialized
2019-12-03 13:00:37 ERROR - MNN-971 was not found in the database
2019-12-03 13:00:37 INFO  - MNN-971 was added to the database
2019-12-03 13:00:37 INFO  - DAO initialized
2019-12-03 13:00:37 INFO  - DAO initialized
2019-12-03 13:00:37 INFO  - MNN-971 already added
2019-12-03 13:00:37 ERROR - MNN-971 is already in the list
2019-12-03 13:00:37 INFO  - DAO initialized
2019-12-03 13:00:37 ERROR - MMN-971 was not found in the database
2019-12-05 12:04:28 INFO  - DAO initialized
2019-12-05 12:04:29 ERROR - MNN-971 was not found in the database
2019-12-05 12:04:29 INFO  - MNN-971 was added to the database
2019-12-05 12:04:29 INFO  - DAO initialized
2019-12-05 12:04:29 INFO  - DAO initialized
2019-12-05 12:04:29 INFO  - MNN-971 already added
2019-12-05 12:04:29 ERROR - MNN-971 is already in the list
2019-12-05 12:04:29 INFO  - DAO initialized
2019-12-05 12:04:29 ERROR - MMN-971 was not found in the database
2019-12-05 12:20:41 INFO  - DAO initialized
2019-12-05 12:20:41 ERROR - MNN-971 was not found in the database
2019-12-05 12:20:41 INFO  - MNN-971 was added to the database
2019-12-05 12:20:41 INFO  - DAO initialized
2019-12-05 12:20:41 INFO  - DAO initialized
2019-12-05 12:20:41 INFO  - MNN-971 already added
2019-12-05 12:20:41 ERROR - MNN-971 is already in the list
2019-12-05 12:20:41 INFO  - DAO initialized
2019-12-05 12:20:41 ERROR - MMN-971 was not found in the database
